Using pre-set license
Built from '2020.3/staging' branch; Version is '2020.3.23f1 (c5d91304a876) revision 12966163'; Using compiler version '192528614'; Build Type 'Release'
OS: 'Windows 10 Home Single Language; OS build 22000.466; Version 2009; 64bit' Language: 'en' Physical Memory: 8070 MB
BatchMode: 1, IsHumanControllingUs: 0, StartBugReporterOnCrash: 0, Is64bit: 1, IsPro: 0

COMMAND LINE ARGUMENTS:
C:\Program Files\Unity\Hub\Editor\2020.3.23f1\Editor\Unity.exe
-adb2
-batchMode
-noUpm
-name
AssetImportWorker0
-projectPath
G:/Unity Games Projects/Git Repos/HME/hold my egg
-logFile
Logs/AssetImportWorker0.log
-srvPort
65226
Successfully changed project path to: G:/Unity Games Projects/Git Repos/HME/hold my egg
G:/Unity Games Projects/Git Repos/HME/hold my egg
Using Asset Import Pipeline V2.
Refreshing native plugins compatible for Editor in 430.82 ms, found 3 plugins.
Preloading 0 native plugins for Editor in 0.00 ms.
Initialize engine version: 2020.3.23f1 (c5d91304a876)
[Subsystems] Discovering subsystems at path C:/Program Files/Unity/Hub/Editor/2020.3.23f1/Editor/Data/Resources/UnitySubsystems
[Subsystems] Discovering subsystems at path G:/Unity Games Projects/Git Repos/HME/hold my egg/Assets
GfxDevice: creating device client; threaded=0
Direct3D:
    Version:  Direct3D 11.0 [level 11.0]
    Renderer: NVIDIA GeForce MX110 (ID=0x174e)
    Vendor:   
    VRAM:     2010 MB
    Driver:   27.21.14.6280
Initialize mono
Mono path[0] = 'C:/Program Files/Unity/Hub/Editor/2020.3.23f1/Editor/Data/Managed'
Mono path[1] = 'C:/Program Files/Unity/Hub/Editor/2020.3.23f1/Editor/Data/MonoBleedingEdge/lib/mono/unityjit'
Mono config path = 'C:/Program Files/Unity/Hub/Editor/2020.3.23f1/Editor/Data/MonoBleedingEdge/etc'
Using monoOptions --debugger-agent=transport=dt_socket,embedding=1,server=y,suspend=n,address=127.0.0.1:56128
Begin MonoManager ReloadAssembly
Registering precompiled unity dll's ...
Register platform support module: C:/Program Files/Unity/Hub/Editor/2020.3.23f1/Editor/Data/PlaybackEngines/WindowsStandaloneSupport/UnityEditor.WindowsStandalone.Extensions.dll
Registered in 0.003379 seconds.
Native extension for WindowsStandalone target not found
Refreshing native plugins compatible for Editor in 204.34 ms, found 3 plugins.
Preloading 0 native plugins for Editor in 0.00 ms.
Mono: successfully reloaded assembly
- Completed reload, in  1.395 seconds
Domain Reload Profiling:
	ReloadAssembly (1396ms)
		BeginReloadAssembly (123ms)
			ExecutionOrderSort (0ms)
			DisableScriptedObjects (0ms)
			BackupInstance (0ms)
			ReleaseScriptingObjects (0ms)
			CreateAndSetChildDomain (1ms)
		EndReloadAssembly (1094ms)
			LoadAssemblies (120ms)
			RebuildTransferFunctionScriptingTraits (0ms)
			SetupTypeCache (341ms)
			ReleaseScriptCaches (0ms)
			RebuildScriptCaches (56ms)
			SetupLoadedEditorAssemblies (461ms)
				LogAssemblyErrors (0ms)
				InitializePlatformSupportModulesInManaged (9ms)
				SetLoadedEditorAssemblies (0ms)
				RefreshPlugins (204ms)
				BeforeProcessingInitializeOnLoad (26ms)
				ProcessInitializeOnLoadAttributes (157ms)
				ProcessInitializeOnLoadMethodAttributes (63ms)
				AfterProcessingInitializeOnLoad (0ms)
				EditorAssembliesLoaded (0ms)
			ExecutionOrderSort2 (0ms)
			AwakeInstancesAfterBackupRestoration (0ms)
Platform modules already initialized, skipping
Registering precompiled user dll's ...
Registered in 0.030234 seconds.
Begin MonoManager ReloadAssembly
Native extension for WindowsStandalone target not found
Refreshing native plugins compatible for Editor in 204.77 ms, found 3 plugins.
Preloading 0 native plugins for Editor in 0.00 ms.
GPGSUpgrader start
UnityEngine.StackTraceUtility:ExtractStackTrace ()
UnityEngine.DebugLogHandler:LogFormat (UnityEngine.LogType,UnityEngine.Object,string,object[])
UnityEngine.Logger:Log (UnityEngine.LogType,object)
UnityEngine.Debug:Log (object)
GooglePlayGames.Editor.GPGSUpgrader:.cctor () (at Assets/GooglePlayGames/Editor/GPGSUpgrader.cs:38)
System.Runtime.CompilerServices.RuntimeHelpers:RunClassConstructor (System.RuntimeTypeHandle)
UnityEditor.EditorAssemblies:ProcessInitializeOnLoadAttributes (System.Type[])

(Filename: Assets/GooglePlayGames/Editor/GPGSUpgrader.cs Line: 38)

GPGSUpgrader done
UnityEngine.StackTraceUtility:ExtractStackTrace ()
UnityEngine.DebugLogHandler:LogFormat (UnityEngine.LogType,UnityEngine.Object,string,object[])
UnityEngine.Logger:Log (UnityEngine.LogType,object)
UnityEngine.Debug:Log (object)
GooglePlayGames.Editor.GPGSUpgrader:.cctor () (at Assets/GooglePlayGames/Editor/GPGSUpgrader.cs:105)
System.Runtime.CompilerServices.RuntimeHelpers:RunClassConstructor (System.RuntimeTypeHandle)
UnityEditor.EditorAssemblies:ProcessInitializeOnLoadAttributes (System.Type[])

(Filename: Assets/GooglePlayGames/Editor/GPGSUpgrader.cs Line: 105)

Mono: successfully reloaded assembly
- Completed reload, in  3.384 seconds
Domain Reload Profiling:
	ReloadAssembly (3387ms)
		BeginReloadAssembly (349ms)
			ExecutionOrderSort (0ms)
			DisableScriptedObjects (12ms)
			BackupInstance (0ms)
			ReleaseScriptingObjects (0ms)
			CreateAndSetChildDomain (40ms)
		EndReloadAssembly (2893ms)
			LoadAssemblies (226ms)
			RebuildTransferFunctionScriptingTraits (0ms)
			SetupTypeCache (811ms)
			ReleaseScriptCaches (2ms)
			RebuildScriptCaches (154ms)
			SetupLoadedEditorAssemblies (1250ms)
				LogAssemblyErrors (0ms)
				InitializePlatformSupportModulesInManaged (5ms)
				SetLoadedEditorAssemblies (0ms)
				RefreshPlugins (205ms)
				BeforeProcessingInitializeOnLoad (338ms)
				ProcessInitializeOnLoadAttributes (552ms)
				ProcessInitializeOnLoadMethodAttributes (138ms)
				AfterProcessingInitializeOnLoad (11ms)
				EditorAssembliesLoaded (0ms)
			ExecutionOrderSort2 (0ms)
			AwakeInstancesAfterBackupRestoration (16ms)
Platform modules already initialized, skipping
========================================================================
Worker process is ready to serve import requests
Launched and connected shader compiler UnityShaderCompiler.exe after 0.07 seconds
Refreshing native plugins compatible for Editor in 5.68 ms, found 3 plugins.
Preloading 0 native plugins for Editor in 0.00 ms.
Unloading 4586 Unused Serialized files (Serialized files now loaded: 0)
System memory in use before: 179.3 MB.
System memory in use after: 179.5 MB.

Unloading 337 unused Assets to reduce memory usage. Loaded Objects now: 4730.
Total: 19.933500 ms (FindLiveObjects: 0.873300 ms CreateObjectMapping: 0.562500 ms MarkObjects: 18.138500 ms  DeleteObjects: 0.357200 ms)

AssetImportParameters requested are different than current active one (requested -> active):
  custom:framework-win-MediaFoundation: 216162199b28c13a410421893ffa2e32 -> 
  custom:video-decoder-ogg-theora: a1e56fd34408186e4bbccfd4996cb3dc -> 
  custom:container-muxer-webm: aa71ff27fc2769a1b78a27578f13a17b -> 
  custom:container-demuxer-webm: 4f35f7cbe854078d1ac9338744f61a02 -> 
  custom:container-demuxer-ogg: 62fdf1f143b41e24485cea50d1cbac27 -> 
  custom:video-encoder-webm-vp8: eb34c28f22e8b96e1ab97ce403110664 -> 
  custom:video-decoder-webm-vp8: 9c59270c3fd7afecdb556c50c9e8de78 -> 
  custom:audio-decoder-ogg-vorbis: bf7c407c2cedff20999df2af8eb42d56 -> 
  custom:audio-encoder-webm-vorbis: bf7c407c2cedff20999df2af8eb42d56 -> 
========================================================================
Received Import Request.
  path: Assets/_Assets/Scriptable Objects/Level Data/Level 13.asset
  artifactKey: Guid(b6ee4d79394ea6d4a9c85f861ba89ef2) Importer(815301076,1909f56bfc062723c751e8b465ee728b)
Start importing Assets/_Assets/Scriptable Objects/Level Data/Level 13.asset using Guid(b6ee4d79394ea6d4a9c85f861ba89ef2) Importer(815301076,1909f56bfc062723c751e8b465ee728b)  -> (artifact id: '9093d94436401af4852814e950e0b419') in 0.170989 seconds 
  Import took 0.190668 seconds .

========================================================================
Received Import Request.
  Time since last request: 0.000603 seconds.
  path: Assets/_Assets/Scriptable Objects/Level Data/Level 25.asset
  artifactKey: Guid(1b6d50ebd6054cb4798e8b23f9792172) Importer(815301076,1909f56bfc062723c751e8b465ee728b)
Start importing Assets/_Assets/Scriptable Objects/Level Data/Level 25.asset using Guid(1b6d50ebd6054cb4798e8b23f9792172) Importer(815301076,1909f56bfc062723c751e8b465ee728b)  -> (artifact id: '227709123dd3d12849931ee8be206f26') in 0.070179 seconds 
  Import took 0.269943 seconds .

========================================================================
Received Import Request.
  Time since last request: 0.000980 seconds.
  path: Assets/_Assets/Scriptable Objects/Level Data/Level 17.asset
  artifactKey: Guid(5f49fdbbc9718614a91de86edae1745f) Importer(815301076,1909f56bfc062723c751e8b465ee728b)
Start importing Assets/_Assets/Scriptable Objects/Level Data/Level 17.asset using Guid(5f49fdbbc9718614a91de86edae1745f) Importer(815301076,1909f56bfc062723c751e8b465ee728b)  -> (artifact id: 'ef4edd4b096fcd6c4aa9ec0f46baf242') in 0.035007 seconds 
  Import took 0.109192 seconds .

========================================================================
Received Import Request.
  Time since last request: 0.000890 seconds.
  path: Assets/_Assets/Scriptable Objects/Level Data/Level 20.asset
  artifactKey: Guid(f528bdc058dd4ba4d8fa9cff811d9b77) Importer(815301076,1909f56bfc062723c751e8b465ee728b)
Start importing Assets/_Assets/Scriptable Objects/Level Data/Level 20.asset using Guid(f528bdc058dd4ba4d8fa9cff811d9b77) Importer(815301076,1909f56bfc062723c751e8b465ee728b)  -> (artifact id: '55f299b9c5b45094461ba41dc9425a77') in 0.072175 seconds 
  Import took 0.151938 seconds .

========================================================================
Received Import Request.
  Time since last request: 0.000869 seconds.
  path: Assets/_Assets/Scriptable Objects/Level Data/Level 18.asset
  artifactKey: Guid(a24dc952c1fd4804db96f47af6b6336d) Importer(815301076,1909f56bfc062723c751e8b465ee728b)
Start importing Assets/_Assets/Scriptable Objects/Level Data/Level 18.asset using Guid(a24dc952c1fd4804db96f47af6b6336d) Importer(815301076,1909f56bfc062723c751e8b465ee728b)  -> (artifact id: '284dfd439b28b182da8919c9bd43ac08') in 0.036954 seconds 
  Import took 0.068108 seconds .

========================================================================
Received Import Request.
  Time since last request: 0.001886 seconds.
  path: Assets/_Assets/Scriptable Objects/Level Data/Level 11.asset
  artifactKey: Guid(1b5d657a6b3a81f4194449c659e5c409) Importer(815301076,1909f56bfc062723c751e8b465ee728b)
Start importing Assets/_Assets/Scriptable Objects/Level Data/Level 11.asset using Guid(1b5d657a6b3a81f4194449c659e5c409) Importer(815301076,1909f56bfc062723c751e8b465ee728b)  -> (artifact id: '123d29121c88a13749b680483ef009ba') in 0.071342 seconds 
  Import took 0.101788 seconds .

========================================================================
Received Import Request.
  Time since last request: 0.000946 seconds.
  path: Assets/_Assets/Scriptable Objects/Level Data/Level 26.asset
  artifactKey: Guid(1e05ff599ecd9a749b049ae6631db9a1) Importer(815301076,1909f56bfc062723c751e8b465ee728b)
Start importing Assets/_Assets/Scriptable Objects/Level Data/Level 26.asset using Guid(1e05ff599ecd9a749b049ae6631db9a1) Importer(815301076,1909f56bfc062723c751e8b465ee728b)  -> (artifact id: '120a088fdf0be420821b1c30a0157965') in 0.080836 seconds 
  Import took 0.113464 seconds .

========================================================================
Received Import Request.
  Time since last request: 0.000878 seconds.
  path: Assets/_Assets/Scriptable Objects/Level Data/Level 8.asset
  artifactKey: Guid(9799930ffbbc8bd418914573c326e376) Importer(815301076,1909f56bfc062723c751e8b465ee728b)
Start importing Assets/_Assets/Scriptable Objects/Level Data/Level 8.asset using Guid(9799930ffbbc8bd418914573c326e376) Importer(815301076,1909f56bfc062723c751e8b465ee728b)  -> (artifact id: 'ebff36fa83150270f38e05630487bf63') in 0.032782 seconds 
  Import took 0.140465 seconds .

========================================================================
Received Import Request.
  Time since last request: 0.000904 seconds.
  path: Assets/_Assets/Scriptable Objects/Level Data/Level 23.asset
  artifactKey: Guid(e6aa471f9eacd724294e15a00740ef49) Importer(815301076,1909f56bfc062723c751e8b465ee728b)
Start importing Assets/_Assets/Scriptable Objects/Level Data/Level 23.asset using Guid(e6aa471f9eacd724294e15a00740ef49) Importer(815301076,1909f56bfc062723c751e8b465ee728b)  -> (artifact id: '79ad384f06f16ea2e66225ce7cebe9bd') in 0.105196 seconds 
  Import took 0.180328 seconds .

========================================================================
Received Import Request.
  Time since last request: 0.000916 seconds.
  path: Assets/_Assets/Scriptable Objects/Level Data/Level 15.asset
  artifactKey: Guid(0e6a918c335032c4d942e7fff28949d4) Importer(815301076,1909f56bfc062723c751e8b465ee728b)
Start importing Assets/_Assets/Scriptable Objects/Level Data/Level 15.asset using Guid(0e6a918c335032c4d942e7fff28949d4) Importer(815301076,1909f56bfc062723c751e8b465ee728b)  -> (artifact id: '0d2ca2b57aa860b445f182f79193bd9f') in 0.056585 seconds 
  Import took 0.086705 seconds .

========================================================================
Received Import Request.
  Time since last request: 0.001003 seconds.
  path: Assets/_Assets/Scriptable Objects/Level Data/Level 9.asset
  artifactKey: Guid(54ed49f34c5ba584284dbd401d485d4a) Importer(815301076,1909f56bfc062723c751e8b465ee728b)
Start importing Assets/_Assets/Scriptable Objects/Level Data/Level 9.asset using Guid(54ed49f34c5ba584284dbd401d485d4a) Importer(815301076,1909f56bfc062723c751e8b465ee728b)  -> (artifact id: '394e650872691fd690ede0abcc113ac5') in 0.035265 seconds 
  Import took 0.067767 seconds .

========================================================================
Received Import Request.
  Time since last request: 0.001090 seconds.
  path: Assets/_Assets/Scriptable Objects/Level Data/Level 19.asset
  artifactKey: Guid(49d2b4369664b6048b6e0b6037634913) Importer(815301076,1909f56bfc062723c751e8b465ee728b)
Start importing Assets/_Assets/Scriptable Objects/Level Data/Level 19.asset using Guid(49d2b4369664b6048b6e0b6037634913) Importer(815301076,1909f56bfc062723c751e8b465ee728b)  -> (artifact id: '466f90632cb79c4c3a429f25901545dc') in 0.039394 seconds 
  Import took 0.071557 seconds .

========================================================================
Received Import Request.
  Time since last request: 0.001032 seconds.
  path: Assets/_Assets/Scriptable Objects/Level Data/Level 12.asset
  artifactKey: Guid(c22e3a4e27b469a489ed73b9e70634f8) Importer(815301076,1909f56bfc062723c751e8b465ee728b)
Start importing Assets/_Assets/Scriptable Objects/Level Data/Level 12.asset using Guid(c22e3a4e27b469a489ed73b9e70634f8) Importer(815301076,1909f56bfc062723c751e8b465ee728b)  -> (artifact id: 'fcb882abd7b78342f04e781196512658') in 0.057508 seconds 
  Import took 0.088892 seconds .

========================================================================
Received Import Request.
  Time since last request: 0.001041 seconds.
  path: Assets/_Assets/Scriptable Objects/Level Data/Level 14.asset
  artifactKey: Guid(ac019ed110953224b92f166e497da0db) Importer(815301076,1909f56bfc062723c751e8b465ee728b)
Start importing Assets/_Assets/Scriptable Objects/Level Data/Level 14.asset using Guid(ac019ed110953224b92f166e497da0db) Importer(815301076,1909f56bfc062723c751e8b465ee728b)  -> (artifact id: '25dc980d498eec873dd65bb2b6a63fd1') in 0.066601 seconds 
  Import took 0.099273 seconds .

========================================================================
Received Import Request.
  Time since last request: 0.000950 seconds.
  path: Assets/_Assets/Scriptable Objects/Level Data/Level 10.asset
  artifactKey: Guid(89510afa214116546a057448fc621400) Importer(815301076,1909f56bfc062723c751e8b465ee728b)
Start importing Assets/_Assets/Scriptable Objects/Level Data/Level 10.asset using Guid(89510afa214116546a057448fc621400) Importer(815301076,1909f56bfc062723c751e8b465ee728b)  -> (artifact id: '62f4110458c49d0cc7759856c8519eb9') in 0.057223 seconds 
  Import took 0.089595 seconds .

========================================================================
Received Import Request.
  Time since last request: 0.000911 seconds.
  path: Assets/_Assets/Scriptable Objects/Level Data/Level 21.asset
  artifactKey: Guid(e96e9f4ea02d999488eb9dd85fc173f6) Importer(815301076,1909f56bfc062723c751e8b465ee728b)
Start importing Assets/_Assets/Scriptable Objects/Level Data/Level 21.asset using Guid(e96e9f4ea02d999488eb9dd85fc173f6) Importer(815301076,1909f56bfc062723c751e8b465ee728b)  -> (artifact id: '178f74b614e0ad864ac1bfab9ce70d57') in 0.091070 seconds 
  Import took 0.127910 seconds .

========================================================================
Received Import Request.
  Time since last request: 0.000983 seconds.
  path: Assets/_Assets/Scriptable Objects/Level Data/Level 22.asset
  artifactKey: Guid(794729deb7cb799478d0d441ccfa2995) Importer(815301076,1909f56bfc062723c751e8b465ee728b)
Start importing Assets/_Assets/Scriptable Objects/Level Data/Level 22.asset using Guid(794729deb7cb799478d0d441ccfa2995) Importer(815301076,1909f56bfc062723c751e8b465ee728b)  -> (artifact id: 'b79da7e8f53ffd2e96060a563e35dee5') in 0.089834 seconds 
  Import took 0.126793 seconds .

========================================================================
Received Import Request.
  Time since last request: 0.000931 seconds.
  path: Assets/_Assets/Scriptable Objects/Level Data/Level 16.asset
  artifactKey: Guid(b20385c934fe4cf4f80f9cd88c3b8740) Importer(815301076,1909f56bfc062723c751e8b465ee728b)
Start importing Assets/_Assets/Scriptable Objects/Level Data/Level 16.asset using Guid(b20385c934fe4cf4f80f9cd88c3b8740) Importer(815301076,1909f56bfc062723c751e8b465ee728b)  -> (artifact id: 'd18bc9d1f253dc433f722a660ef5991c') in 0.036336 seconds 
  Import took 0.170452 seconds .

========================================================================
Received Import Request.
  Time since last request: 0.001038 seconds.
  path: Assets/_Assets/Scriptable Objects/Level Data/Level 27.asset
  artifactKey: Guid(4c99c9ded29663846a5faa52aa14d025) Importer(815301076,1909f56bfc062723c751e8b465ee728b)
Start importing Assets/_Assets/Scriptable Objects/Level Data/Level 27.asset using Guid(4c99c9ded29663846a5faa52aa14d025) Importer(815301076,1909f56bfc062723c751e8b465ee728b)  -> (artifact id: 'b622bb2d3786c032c63b5a06ae06358f') in 0.087831 seconds 
  Import took 0.159830 seconds .

========================================================================
Received Import Request.
  Time since last request: 0.000926 seconds.
  path: Assets/_Assets/Scriptable Objects/Level Data/Level 29.asset
  artifactKey: Guid(f3a778e95e3fc53479f4adfd37d520a1) Importer(815301076,1909f56bfc062723c751e8b465ee728b)
Start importing Assets/_Assets/Scriptable Objects/Level Data/Level 29.asset using Guid(f3a778e95e3fc53479f4adfd37d520a1) Importer(815301076,1909f56bfc062723c751e8b465ee728b)  -> (artifact id: 'f2909a47daa76197ae56ddd8d2571842') in 0.105480 seconds 
  Import took 0.138138 seconds .

========================================================================
Received Import Request.
  Time since last request: 0.000936 seconds.
  path: Assets/_Assets/Scriptable Objects/Level Data/Level 24.asset
  artifactKey: Guid(6c904423b5840694091149f41ebf1e70) Importer(815301076,1909f56bfc062723c751e8b465ee728b)
Start importing Assets/_Assets/Scriptable Objects/Level Data/Level 24.asset using Guid(6c904423b5840694091149f41ebf1e70) Importer(815301076,1909f56bfc062723c751e8b465ee728b)  -> (artifact id: 'cc42923d96044d24d769935c6f363499') in 0.125603 seconds 
  Import took 0.158384 seconds .

========================================================================
Received Import Request.
  Time since last request: 0.000861 seconds.
  path: Assets/_Assets/Scriptable Objects/Level Data/Level 28.asset
  artifactKey: Guid(18b54b64da116754bbbfed9259b85fa9) Importer(815301076,1909f56bfc062723c751e8b465ee728b)
Start importing Assets/_Assets/Scriptable Objects/Level Data/Level 28.asset using Guid(18b54b64da116754bbbfed9259b85fa9) Importer(815301076,1909f56bfc062723c751e8b465ee728b)  -> (artifact id: 'b238a62d3e01ed6665ce57e35b1fc9d0') in 0.093724 seconds 
  Import took 0.186489 seconds .

========================================================================
Received Import Request.
  Time since last request: 75.373535 seconds.
  path: Assets/_Assets/Scriptable Objects/Level Data/Level 8.asset
  artifactKey: Guid(9799930ffbbc8bd418914573c326e376) Importer(815301076,1909f56bfc062723c751e8b465ee728b)
Start importing Assets/_Assets/Scriptable Objects/Level Data/Level 8.asset using Guid(9799930ffbbc8bd418914573c326e376) Importer(815301076,1909f56bfc062723c751e8b465ee728b)  -> (artifact id: '479b611935260329c4b9f5d0d57870dc') in 0.040731 seconds 
  Import took 0.257701 seconds .

========================================================================
Received Import Request.
  Time since last request: 6.236711 seconds.
  path: Assets/_Assets/Scriptable Objects/Level Data/Level 9.asset
  artifactKey: Guid(54ed49f34c5ba584284dbd401d485d4a) Importer(815301076,1909f56bfc062723c751e8b465ee728b)
Start importing Assets/_Assets/Scriptable Objects/Level Data/Level 9.asset using Guid(54ed49f34c5ba584284dbd401d485d4a) Importer(815301076,1909f56bfc062723c751e8b465ee728b)  -> (artifact id: 'f2efa0acfbb46add1f4ef1abcec681d4') in 0.031734 seconds 
  Import took 0.048157 seconds .

========================================================================
Received Prepare
Refreshing native plugins compatible for Editor in 110.37 ms, found 3 plugins.
Preloading 0 native plugins for Editor in 0.00 ms.
Unloading 323 Unused Serialized files (Serialized files now loaded: 0)
System memory in use before: 89.0 MB.
System memory in use after: 89.2 MB.

Unloading 323 unused Assets to reduce memory usage. Loaded Objects now: 4730.
Total: 21.319200 ms (FindLiveObjects: 0.794700 ms CreateObjectMapping: 0.487700 ms MarkObjects: 19.834000 ms  DeleteObjects: 0.199200 ms)

AssetImportParameters requested are different than current active one (requested -> active):
  custom:framework-win-MediaFoundation: 216162199b28c13a410421893ffa2e32 -> 
  custom:video-decoder-ogg-theora: a1e56fd34408186e4bbccfd4996cb3dc -> 
  custom:container-muxer-webm: aa71ff27fc2769a1b78a27578f13a17b -> 
  custom:container-demuxer-webm: 4f35f7cbe854078d1ac9338744f61a02 -> 
  custom:container-demuxer-ogg: 62fdf1f143b41e24485cea50d1cbac27 -> 
  custom:video-encoder-webm-vp8: eb34c28f22e8b96e1ab97ce403110664 -> 
  custom:video-decoder-webm-vp8: 9c59270c3fd7afecdb556c50c9e8de78 -> 
  custom:audio-decoder-ogg-vorbis: bf7c407c2cedff20999df2af8eb42d56 -> 
  custom:audio-encoder-webm-vorbis: bf7c407c2cedff20999df2af8eb42d56 -> 
AssetImportWorkerClient::OnTransportError - code=2 error=End of file
